{"C:\\SENAC\\AgriUrbanApp\\mobile\\App.js": {"path":"C:\\SENAC\\AgriUrbanApp\\mobile\\App.js","statementMap":{"0":{"start":{"line":9,"column":2},"end":{"line":14,"column":4}}},"fnMap":{"0":{"name":"App","decl":{"start":{"line":7,"column":24},"end":{"line":7,"column":27}},"loc":{"start":{"line":7,"column":30},"end":{"line":15,"column":1}},"line":7}},"branchMap":{},"s":{"0":0},"f":{"0":0},"b":{}}
,"C:\\SENAC\\AgriUrbanApp\\mobile\\firebase.js": {"path":"C:\\SENAC\\AgriUrbanApp\\mobile\\firebase.js","statementMap":{"0":{"start":{"line":5,"column":23},"end":{"line":12,"column":3}},"1":{"start":{"line":13,"column":14},"end":{"line":13,"column":43}},"2":{"start":{"line":14,"column":13},"end":{"line":14,"column":30}},"3":{"start":{"line":15,"column":22},"end":{"line":15,"column":31}}},"fnMap":{},"branchMap":{},"s":{"0":0,"1":0,"2":0,"3":0},"f":{},"b":{}}
,"C:\\SENAC\\AgriUrbanApp\\mobile\\src\\components\\CartIcon\\index.js": {"path":"C:\\SENAC\\AgriUrbanApp\\mobile\\src\\components\\CartIcon\\index.js","statementMap":{"0":{"start":{"line":8,"column":2},"end":{"line":17,"column":4}}},"fnMap":{"0":{"name":"CartIcon","decl":{"start":{"line":7,"column":16},"end":{"line":7,"column":24}},"loc":{"start":{"line":7,"column":34},"end":{"line":18,"column":1}},"line":7}},"branchMap":{},"s":{"0":2},"f":{"0":2},"b":{},"_coverageSchema":"1a1c01bbd47fc00a2c39e90264f33305004495a9","hash":"fdf4a1fab65500f1eca97e38db70e58fa15cbf78"}
,"C:\\SENAC\\AgriUrbanApp\\mobile\\src\\components\\CartIcon\\styles.js": {"path":"C:\\SENAC\\AgriUrbanApp\\mobile\\src\\components\\CartIcon\\styles.js","statementMap":{"0":{"start":{"line":4,"column":22},"end":{"line":34,"column":2}}},"fnMap":{},"branchMap":{},"s":{"0":1},"f":{},"b":{},"_coverageSchema":"1a1c01bbd47fc00a2c39e90264f33305004495a9","hash":"92053a47798417908abab57a14f02a5c75807919"}
,"C:\\SENAC\\AgriUrbanApp\\mobile\\src\\components\\CategoriesHerbarioCard\\index.js": {"path":"C:\\SENAC\\AgriUrbanApp\\mobile\\src\\components\\CategoriesHerbarioCard\\index.js","statementMap":{"0":{"start":{"line":7,"column":21},"end":{"line":7,"column":36}},"1":{"start":{"line":9,"column":2},"end":{"line":22,"column":4}},"2":{"start":{"line":11,"column":21},"end":{"line":14,"column":8}}},"fnMap":{"0":{"name":"CategoriesHerbarioCard","decl":{"start":{"line":6,"column":16},"end":{"line":6,"column":38}},"loc":{"start":{"line":6,"column":47},"end":{"line":23,"column":1}},"line":6},"1":{"name":"(anonymous_1)","decl":{"start":{"line":11,"column":15},"end":{"line":11,"column":16}},"loc":{"start":{"line":11,"column":21},"end":{"line":14,"column":8}},"line":11}},"branchMap":{},"s":{"0":0,"1":0,"2":0},"f":{"0":0,"1":0},"b":{},"_coverageSchema":"1a1c01bbd47fc00a2c39e90264f33305004495a9","hash":"46c9aabddb10d21c91422af6d6929cf4b4f11a3e"}
,"C:\\SENAC\\AgriUrbanApp\\mobile\\src\\components\\CategoriesHerbarioCard\\styles.js": {"path":"C:\\SENAC\\AgriUrbanApp\\mobile\\src\\components\\CategoriesHerbarioCard\\styles.js","statementMap":{"0":{"start":{"line":4,"column":22},"end":{"line":20,"column":2}}},"fnMap":{},"branchMap":{},"s":{"0":1},"f":{},"b":{},"_coverageSchema":"1a1c01bbd47fc00a2c39e90264f33305004495a9","hash":"87db5fb228b8ba5d2ad5398a7d88f6fc9272a243"}
,"C:\\SENAC\\AgriUrbanApp\\mobile\\src\\components\\DishesCard\\index.js": {"path":"C:\\SENAC\\AgriUrbanApp\\mobile\\src\\components\\DishesCard\\index.js","statementMap":{"0":{"start":{"line":8,"column":2},"end":{"line":36,"column":4}}},"fnMap":{"0":{"name":"DishesCard","decl":{"start":{"line":7,"column":16},"end":{"line":7,"column":26}},"loc":{"start":{"line":7,"column":35},"end":{"line":37,"column":1}},"line":7}},"branchMap":{},"s":{"0":0},"f":{"0":0},"b":{}}
,"C:\\SENAC\\AgriUrbanApp\\mobile\\src\\components\\DishesCard\\styles.js": {"path":"C:\\SENAC\\AgriUrbanApp\\mobile\\src\\components\\DishesCard\\styles.js","statementMap":{"0":{"start":{"line":4,"column":22},"end":{"line":51,"column":2}}},"fnMap":{},"branchMap":{},"s":{"0":0},"f":{},"b":{}}
,"C:\\SENAC\\AgriUrbanApp\\mobile\\src\\components\\GoBackButtom\\index.js": {"path":"C:\\SENAC\\AgriUrbanApp\\mobile\\src\\components\\GoBackButtom\\index.js","statementMap":{"0":{"start":{"line":11,"column":23},"end":{"line":11,"column":38}},"1":{"start":{"line":13,"column":4},"end":{"line":17,"column":6}},"2":{"start":{"line":14,"column":69},"end":{"line":14,"column":88}}},"fnMap":{"0":{"name":"GoBackButtom","decl":{"start":{"line":10,"column":16},"end":{"line":10,"column":28}},"loc":{"start":{"line":10,"column":31},"end":{"line":18,"column":1}},"line":10},"1":{"name":"(anonymous_1)","decl":{"start":{"line":14,"column":63},"end":{"line":14,"column":64}},"loc":{"start":{"line":14,"column":69},"end":{"line":14,"column":88}},"line":14}},"branchMap":{},"s":{"0":0,"1":0,"2":0},"f":{"0":0,"1":0},"b":{}}
,"C:\\SENAC\\AgriUrbanApp\\mobile\\src\\components\\GoBackButtom\\styles.js": {"path":"C:\\SENAC\\AgriUrbanApp\\mobile\\src\\components\\GoBackButtom\\styles.js","statementMap":{"0":{"start":{"line":4,"column":22},"end":{"line":13,"column":2}}},"fnMap":{},"branchMap":{},"s":{"0":0},"f":{},"b":{}}
,"C:\\SENAC\\AgriUrbanApp\\mobile\\src\\components\\Loading\\index.js": {"path":"C:\\SENAC\\AgriUrbanApp\\mobile\\src\\components\\Loading\\index.js","statementMap":{"0":{"start":{"line":7,"column":2},"end":{"line":13,"column":4}}},"fnMap":{"0":{"name":"Loading","decl":{"start":{"line":6,"column":16},"end":{"line":6,"column":23}},"loc":{"start":{"line":6,"column":26},"end":{"line":14,"column":1}},"line":6}},"branchMap":{},"s":{"0":0},"f":{"0":0},"b":{}}
,"C:\\SENAC\\AgriUrbanApp\\mobile\\src\\components\\Loading\\styles.js": {"path":"C:\\SENAC\\AgriUrbanApp\\mobile\\src\\components\\Loading\\styles.js","statementMap":{"0":{"start":{"line":3,"column":22},"end":{"line":9,"column":2}}},"fnMap":{},"branchMap":{},"s":{"0":0},"f":{},"b":{}}
,"C:\\SENAC\\AgriUrbanApp\\mobile\\src\\components\\LojasCard\\index.js": {"path":"C:\\SENAC\\AgriUrbanApp\\mobile\\src\\components\\LojasCard\\index.js","statementMap":{"0":{"start":{"line":9,"column":21},"end":{"line":9,"column":36}},"1":{"start":{"line":12,"column":2},"end":{"line":41,"column":4}},"2":{"start":{"line":14,"column":19},"end":{"line":17,"column":6}}},"fnMap":{"0":{"name":"LojasCard","decl":{"start":{"line":8,"column":16},"end":{"line":8,"column":25}},"loc":{"start":{"line":8,"column":34},"end":{"line":42,"column":1}},"line":8},"1":{"name":"(anonymous_1)","decl":{"start":{"line":14,"column":13},"end":{"line":14,"column":14}},"loc":{"start":{"line":14,"column":19},"end":{"line":17,"column":6}},"line":14}},"branchMap":{},"s":{"0":0,"1":0,"2":0},"f":{"0":0,"1":0},"b":{}}
,"C:\\SENAC\\AgriUrbanApp\\mobile\\src\\components\\LojasCard\\styles.js": {"path":"C:\\SENAC\\AgriUrbanApp\\mobile\\src\\components\\LojasCard\\styles.js","statementMap":{"0":{"start":{"line":5,"column":22},"end":{"line":61,"column":2}}},"fnMap":{},"branchMap":{},"s":{"0":0},"f":{},"b":{}}
,"C:\\SENAC\\AgriUrbanApp\\mobile\\src\\components\\NewsCard\\index.js": {"path":"C:\\SENAC\\AgriUrbanApp\\mobile\\src\\components\\NewsCard\\index.js","statementMap":{"0":{"start":{"line":6,"column":2},"end":{"line":16,"column":4}},"1":{"start":{"line":8,"column":21},"end":{"line":8,"column":51}}},"fnMap":{"0":{"name":"NewsCard","decl":{"start":{"line":5,"column":16},"end":{"line":5,"column":24}},"loc":{"start":{"line":5,"column":33},"end":{"line":17,"column":1}},"line":5},"1":{"name":"(anonymous_1)","decl":{"start":{"line":8,"column":15},"end":{"line":8,"column":16}},"loc":{"start":{"line":8,"column":21},"end":{"line":8,"column":51}},"line":8}},"branchMap":{},"s":{"0":0,"1":0},"f":{"0":0,"1":0},"b":{}}
,"C:\\SENAC\\AgriUrbanApp\\mobile\\src\\components\\NewsCard\\styles.js": {"path":"C:\\SENAC\\AgriUrbanApp\\mobile\\src\\components\\NewsCard\\styles.js","statementMap":{"0":{"start":{"line":4,"column":22},"end":{"line":24,"column":2}}},"fnMap":{},"branchMap":{},"s":{"0":0},"f":{},"b":{}}
,"C:\\SENAC\\AgriUrbanApp\\mobile\\src\\components\\PlantsCard\\index.js": {"path":"C:\\SENAC\\AgriUrbanApp\\mobile\\src\\components\\PlantsCard\\index.js","statementMap":{"0":{"start":{"line":9,"column":21},"end":{"line":9,"column":36}},"1":{"start":{"line":11,"column":2},"end":{"line":29,"column":4}},"2":{"start":{"line":14,"column":21},"end":{"line":17,"column":10}}},"fnMap":{"0":{"name":"PlantsCard","decl":{"start":{"line":8,"column":16},"end":{"line":8,"column":26}},"loc":{"start":{"line":8,"column":35},"end":{"line":30,"column":1}},"line":8},"1":{"name":"(anonymous_1)","decl":{"start":{"line":14,"column":15},"end":{"line":14,"column":16}},"loc":{"start":{"line":14,"column":21},"end":{"line":17,"column":10}},"line":14}},"branchMap":{},"s":{"0":0,"1":0,"2":0},"f":{"0":0,"1":0},"b":{}}
,"C:\\SENAC\\AgriUrbanApp\\mobile\\src\\components\\PlantsCard\\styles.js": {"path":"C:\\SENAC\\AgriUrbanApp\\mobile\\src\\components\\PlantsCard\\styles.js","statementMap":{"0":{"start":{"line":4,"column":22},"end":{"line":34,"column":2}}},"fnMap":{},"branchMap":{},"s":{"0":0},"f":{},"b":{}}
,"C:\\SENAC\\AgriUrbanApp\\mobile\\src\\components\\ProdutosCard\\index.js": {"path":"C:\\SENAC\\AgriUrbanApp\\mobile\\src\\components\\ProdutosCard\\index.js","statementMap":{"0":{"start":{"line":9,"column":21},"end":{"line":9,"column":36}},"1":{"start":{"line":10,"column":2},"end":{"line":46,"column":4}},"2":{"start":{"line":12,"column":21},"end":{"line":19,"column":8}},"3":{"start":{"line":33,"column":45},"end":{"line":40,"column":14}}},"fnMap":{"0":{"name":"ProdutosCard","decl":{"start":{"line":8,"column":16},"end":{"line":8,"column":28}},"loc":{"start":{"line":8,"column":37},"end":{"line":47,"column":1}},"line":8},"1":{"name":"(anonymous_1)","decl":{"start":{"line":12,"column":15},"end":{"line":12,"column":16}},"loc":{"start":{"line":12,"column":21},"end":{"line":19,"column":8}},"line":12},"2":{"name":"(anonymous_2)","decl":{"start":{"line":33,"column":39},"end":{"line":33,"column":40}},"loc":{"start":{"line":33,"column":45},"end":{"line":40,"column":14}},"line":33}},"branchMap":{},"s":{"0":0,"1":0,"2":0,"3":0},"f":{"0":0,"1":0,"2":0},"b":{}}
,"C:\\SENAC\\AgriUrbanApp\\mobile\\src\\components\\ProdutosCard\\styles.js": {"path":"C:\\SENAC\\AgriUrbanApp\\mobile\\src\\components\\ProdutosCard\\styles.js","statementMap":{"0":{"start":{"line":5,"column":22},"end":{"line":53,"column":2}}},"fnMap":{},"branchMap":{},"s":{"0":0},"f":{},"b":{}}
,"C:\\SENAC\\AgriUrbanApp\\mobile\\src\\constants\\index.js": {"path":"C:\\SENAC\\AgriUrbanApp\\mobile\\src\\constants\\index.js","statementMap":{"0":{"start":{"line":2,"column":27},"end":{"line":51,"column":1}}},"fnMap":{},"branchMap":{},"s":{"0":0},"f":{},"b":{}}
,"C:\\SENAC\\AgriUrbanApp\\mobile\\src\\routes\\authNavigator.js": {"path":"C:\\SENAC\\AgriUrbanApp\\mobile\\src\\routes\\authNavigator.js","statementMap":{"0":{"start":{"line":12,"column":14},"end":{"line":12,"column":36}},"1":{"start":{"line":16,"column":2},"end":{"line":27,"column":4}}},"fnMap":{"0":{"name":"AuthNavigator","decl":{"start":{"line":14,"column":16},"end":{"line":14,"column":29}},"loc":{"start":{"line":14,"column":32},"end":{"line":28,"column":1}},"line":14}},"branchMap":{},"s":{"0":0,"1":0},"f":{"0":0},"b":{}}
,"C:\\SENAC\\AgriUrbanApp\\mobile\\src\\routes\\bottomTabNavigator.js": {"path":"C:\\SENAC\\AgriUrbanApp\\mobile\\src\\routes\\bottomTabNavigator.js","statementMap":{"0":{"start":{"line":9,"column":12},"end":{"line":9,"column":38}},"1":{"start":{"line":12,"column":2},"end":{"line":63,"column":4}},"2":{"start":{"line":30,"column":14},"end":{"line":30,"column":86}},"3":{"start":{"line":39,"column":14},"end":{"line":39,"column":66}},"4":{"start":{"line":48,"column":10},"end":{"line":48,"column":90}},"5":{"start":{"line":58,"column":10},"end":{"line":58,"column":92}}},"fnMap":{"0":{"name":"BottomTabNavigator","decl":{"start":{"line":11,"column":16},"end":{"line":11,"column":34}},"loc":{"start":{"line":11,"column":37},"end":{"line":64,"column":1}},"line":11},"1":{"name":"(anonymous_1)","decl":{"start":{"line":29,"column":24},"end":{"line":29,"column":25}},"loc":{"start":{"line":30,"column":14},"end":{"line":30,"column":86}},"line":30},"2":{"name":"(anonymous_2)","decl":{"start":{"line":38,"column":24},"end":{"line":38,"column":25}},"loc":{"start":{"line":39,"column":14},"end":{"line":39,"column":66}},"line":39},"3":{"name":"(anonymous_3)","decl":{"start":{"line":47,"column":20},"end":{"line":47,"column":21}},"loc":{"start":{"line":48,"column":10},"end":{"line":48,"column":90}},"line":48},"4":{"name":"(anonymous_4)","decl":{"start":{"line":57,"column":20},"end":{"line":57,"column":21}},"loc":{"start":{"line":58,"column":10},"end":{"line":58,"column":92}},"line":58}},"branchMap":{},"s":{"0":0,"1":0,"2":0,"3":0,"4":0,"5":0},"f":{"0":0,"1":0,"2":0,"3":0,"4":0},"b":{}}
,"C:\\SENAC\\AgriUrbanApp\\mobile\\src\\screens\\Busca\\index.js": {"path":"C:\\SENAC\\AgriUrbanApp\\mobile\\src\\screens\\Busca\\index.js","statementMap":{"0":{"start":{"line":16,"column":34},"end":{"line":16,"column":48}},"1":{"start":{"line":17,"column":32},"end":{"line":17,"column":46}},"2":{"start":{"line":18,"column":32},"end":{"line":18,"column":44}},"3":{"start":{"line":19,"column":30},"end":{"line":19,"column":42}},"4":{"start":{"line":20,"column":21},"end":{"line":20,"column":36}},"5":{"start":{"line":22,"column":23},"end":{"line":22,"column":58}},"6":{"start":{"line":22,"column":43},"end":{"line":22,"column":57}},"7":{"start":{"line":24,"column":2},"end":{"line":59,"column":10}},"8":{"start":{"line":27,"column":6},"end":{"line":56,"column":7}},"9":{"start":{"line":28,"column":8},"end":{"line":28,"column":24}},"10":{"start":{"line":29,"column":23},"end":{"line":29,"column":73}},"11":{"start":{"line":31,"column":8},"end":{"line":33,"column":9}},"12":{"start":{"line":32,"column":8},"end":{"line":32,"column":64}},"13":{"start":{"line":34,"column":30},"end":{"line":34,"column":72}},"14":{"start":{"line":36,"column":8},"end":{"line":41,"column":11}},"15":{"start":{"line":43,"column":23},"end":{"line":43,"column":46}},"16":{"start":{"line":44,"column":8},"end":{"line":50,"column":9}},"17":{"start":{"line":45,"column":8},"end":{"line":49,"column":12}},"18":{"start":{"line":45,"column":45},"end":{"line":49,"column":9}},"19":{"start":{"line":53,"column":8},"end":{"line":53,"column":29}},"20":{"start":{"line":55,"column":8},"end":{"line":55,"column":25}},"21":{"start":{"line":58,"column":4},"end":{"line":58,"column":17}},"22":{"start":{"line":61,"column":4},"end":{"line":63,"column":5}},"23":{"start":{"line":62,"column":6},"end":{"line":62,"column":66}},"24":{"start":{"line":66,"column":2},"end":{"line":170,"column":15}},"25":{"start":{"line":93,"column":33},"end":{"line":93,"column":40}},"26":{"start":{"line":96,"column":28},"end":{"line":96,"column":43}},"27":{"start":{"line":97,"column":35},"end":{"line":97,"column":97}},"28":{"start":{"line":98,"column":36},"end":{"line":98,"column":97}},"29":{"start":{"line":100,"column":13},"end":{"line":112,"column":14}},"30":{"start":{"line":104,"column":18},"end":{"line":104,"column":61}},"31":{"start":{"line":125,"column":4},"end":{"line":168,"column":13}},"32":{"start":{"line":136,"column":23},"end":{"line":139,"column":6}}},"fnMap":{"0":{"name":"Busca","decl":{"start":{"line":15,"column":17},"end":{"line":15,"column":22}},"loc":{"start":{"line":15,"column":25},"end":{"line":171,"column":1}},"line":15},"1":{"name":"(anonymous_1)","decl":{"start":{"line":22,"column":38},"end":{"line":22,"column":39}},"loc":{"start":{"line":22,"column":43},"end":{"line":22,"column":57}},"line":22},"2":{"name":"(anonymous_2)","decl":{"start":{"line":24,"column":12},"end":{"line":24,"column":13}},"loc":{"start":{"line":24,"column":18},"end":{"line":59,"column":5}},"line":24},"3":{"name":"getLocation","decl":{"start":{"line":26,"column":19},"end":{"line":26,"column":30}},"loc":{"start":{"line":26,"column":33},"end":{"line":57,"column":5}},"line":26},"4":{"name":"(anonymous_4)","decl":{"start":{"line":44,"column":27},"end":{"line":44,"column":28}},"loc":{"start":{"line":45,"column":8},"end":{"line":49,"column":12}},"line":45},"5":{"name":"(anonymous_5)","decl":{"start":{"line":45,"column":34},"end":{"line":45,"column":35}},"loc":{"start":{"line":45,"column":45},"end":{"line":49,"column":9}},"line":45},"6":{"name":"(anonymous_6)","decl":{"start":{"line":93,"column":25},"end":{"line":93,"column":26}},"loc":{"start":{"line":93,"column":33},"end":{"line":93,"column":40}},"line":93},"7":{"name":"(anonymous_7)","decl":{"start":{"line":95,"column":23},"end":{"line":95,"column":24}},"loc":{"start":{"line":95,"column":33},"end":{"line":113,"column":12}},"line":95},"8":{"name":"(anonymous_8)","decl":{"start":{"line":103,"column":25},"end":{"line":103,"column":26}},"loc":{"start":{"line":103,"column":31},"end":{"line":105,"column":17}},"line":103},"9":{"name":"(anonymous_9)","decl":{"start":{"line":124,"column":43},"end":{"line":124,"column":44}},"loc":{"start":{"line":125,"column":4},"end":{"line":168,"column":13}},"line":125},"10":{"name":"(anonymous_10)","decl":{"start":{"line":136,"column":17},"end":{"line":136,"column":18}},"loc":{"start":{"line":136,"column":23},"end":{"line":139,"column":6}},"line":136}},"branchMap":{"0":{"loc":{"start":{"line":31,"column":8},"end":{"line":33,"column":9}},"type":"if","locations":[{"start":{"line":31,"column":8},"end":{"line":33,"column":9}},{"start":{},"end":{}}],"line":31},"1":{"loc":{"start":{"line":61,"column":4},"end":{"line":63,"column":5}},"type":"if","locations":[{"start":{"line":61,"column":4},"end":{"line":63,"column":5}},{"start":{},"end":{}}],"line":61},"2":{"loc":{"start":{"line":61,"column":7},"end":{"line":61,"column":39}},"type":"binary-expr","locations":[{"start":{"line":61,"column":7},"end":{"line":61,"column":15}},{"start":{"line":61,"column":19},"end":{"line":61,"column":39}}],"line":61},"3":{"loc":{"start":{"line":66,"column":9},"end":{"line":170,"column":15}},"type":"cond-expr","locations":[{"start":{"line":66,"column":19},"end":{"line":66,"column":72}},{"start":{"line":66,"column":75},"end":{"line":170,"column":15}}],"line":66},"4":{"loc":{"start":{"line":97,"column":35},"end":{"line":97,"column":97}},"type":"cond-expr","locations":[{"start":{"line":97,"column":46},"end":{"line":97,"column":73}},{"start":{"line":97,"column":76},"end":{"line":97,"column":97}}],"line":97},"5":{"loc":{"start":{"line":98,"column":36},"end":{"line":98,"column":97}},"type":"cond-expr","locations":[{"start":{"line":98,"column":47},"end":{"line":98,"column":70}},{"start":{"line":98,"column":73},"end":{"line":98,"column":97}}],"line":98},"6":{"loc":{"start":{"line":104,"column":28},"end":{"line":104,"column":60}},"type":"cond-expr","locations":[{"start":{"line":104,"column":48},"end":{"line":104,"column":50}},{"start":{"line":104,"column":53},"end":{"line":104,"column":60}}],"line":104},"7":{"loc":{"start":{"line":124,"column":6},"end":{"line":124,"column":37}},"type":"cond-expr","locations":[{"start":{"line":124,"column":15},"end":{"line":124,"column":27}},{"start":{"line":124,"column":30},"end":{"line":124,"column":37}}],"line":124}},"s":{"0":0,"1":0,"2":0,"3":0,"4":0,"5":0,"6":0,"7":0,"8":0,"9":0,"10":0,"11":0,"12":0,"13":0,"14":0,"15":0,"16":0,"17":0,"18":0,"19":0,"20":0,"21":0,"22":0,"23":0,"24":0,"25":0,"26":0,"27":0,"28":0,"29":0,"30":0,"31":0,"32":0},"f":{"0":0,"1":0,"2":0,"3":0,"4":0,"5":0,"6":0,"7":0,"8":0,"9":0,"10":0},"b":{"0":[0,0],"1":[0,0],"2":[0,0],"3":[0,0],"4":[0,0],"5":[0,0],"6":[0,0],"7":[0,0]}}
,"C:\\SENAC\\AgriUrbanApp\\mobile\\src\\screens\\Busca\\styles.js": {"path":"C:\\SENAC\\AgriUrbanApp\\mobile\\src\\screens\\Busca\\styles.js","statementMap":{"0":{"start":{"line":4,"column":22},"end":{"line":175,"column":2}}},"fnMap":{},"branchMap":{},"s":{"0":0},"f":{},"b":{}}
,"C:\\SENAC\\AgriUrbanApp\\mobile\\src\\screens\\Herbario\\index.js": {"path":"C:\\SENAC\\AgriUrbanApp\\mobile\\src\\screens\\Herbario\\index.js","statementMap":{"0":{"start":{"line":21,"column":38},"end":{"line":21,"column":50}},"1":{"start":{"line":22,"column":32},"end":{"line":22,"column":46}},"2":{"start":{"line":23,"column":26},"end":{"line":23,"column":38}},"3":{"start":{"line":25,"column":2},"end":{"line":56,"column":10}},"4":{"start":{"line":28,"column":6},"end":{"line":53,"column":7}},"5":{"start":{"line":29,"column":8},"end":{"line":29,"column":24}},"6":{"start":{"line":31,"column":23},"end":{"line":31,"column":49}},"7":{"start":{"line":32,"column":18},"end":{"line":32,"column":48}},"8":{"start":{"line":33,"column":8},"end":{"line":38,"column":9}},"9":{"start":{"line":34,"column":8},"end":{"line":37,"column":12}},"10":{"start":{"line":34,"column":53},"end":{"line":37,"column":9}},"11":{"start":{"line":40,"column":24},"end":{"line":40,"column":46}},"12":{"start":{"line":41,"column":19},"end":{"line":41,"column":50}},"13":{"start":{"line":42,"column":8},"end":{"line":47,"column":9}},"14":{"start":{"line":43,"column":8},"end":{"line":46,"column":12}},"15":{"start":{"line":43,"column":41},"end":{"line":46,"column":9}},"16":{"start":{"line":50,"column":8},"end":{"line":50,"column":29}},"17":{"start":{"line":52,"column":8},"end":{"line":52,"column":25}},"18":{"start":{"line":55,"column":4},"end":{"line":55,"column":36}},"19":{"start":{"line":58,"column":2},"end":{"line":116,"column":4}},"20":{"start":{"line":94,"column":37},"end":{"line":94,"column":75}},"21":{"start":{"line":108,"column":43},"end":{"line":108,"column":82}}},"fnMap":{"0":{"name":"Herbario","decl":{"start":{"line":20,"column":16},"end":{"line":20,"column":24}},"loc":{"start":{"line":20,"column":27},"end":{"line":117,"column":1}},"line":20},"1":{"name":"(anonymous_1)","decl":{"start":{"line":25,"column":12},"end":{"line":25,"column":13}},"loc":{"start":{"line":25,"column":18},"end":{"line":56,"column":5}},"line":25},"2":{"name":"getCategoriesHerbariumAndNews","decl":{"start":{"line":27,"column":19},"end":{"line":27,"column":48}},"loc":{"start":{"line":27,"column":51},"end":{"line":54,"column":5}},"line":27},"3":{"name":"(anonymous_3)","decl":{"start":{"line":33,"column":22},"end":{"line":33,"column":23}},"loc":{"start":{"line":34,"column":8},"end":{"line":37,"column":12}},"line":34},"4":{"name":"(anonymous_4)","decl":{"start":{"line":34,"column":42},"end":{"line":34,"column":43}},"loc":{"start":{"line":34,"column":53},"end":{"line":37,"column":9}},"line":34},"5":{"name":"(anonymous_5)","decl":{"start":{"line":42,"column":23},"end":{"line":42,"column":24}},"loc":{"start":{"line":43,"column":8},"end":{"line":46,"column":12}},"line":43},"6":{"name":"(anonymous_6)","decl":{"start":{"line":43,"column":30},"end":{"line":43,"column":31}},"loc":{"start":{"line":43,"column":41},"end":{"line":46,"column":9}},"line":43},"7":{"name":"(anonymous_7)","decl":{"start":{"line":94,"column":26},"end":{"line":94,"column":27}},"loc":{"start":{"line":94,"column":37},"end":{"line":94,"column":75}},"line":94},"8":{"name":"(anonymous_8)","decl":{"start":{"line":108,"column":22},"end":{"line":108,"column":23}},"loc":{"start":{"line":108,"column":43},"end":{"line":108,"column":82}},"line":108}},"branchMap":{},"s":{"0":0,"1":0,"2":0,"3":0,"4":0,"5":0,"6":0,"7":0,"8":0,"9":0,"10":0,"11":0,"12":0,"13":0,"14":0,"15":0,"16":0,"17":0,"18":0,"19":0,"20":0,"21":0},"f":{"0":0,"1":0,"2":0,"3":0,"4":0,"5":0,"6":0,"7":0,"8":0},"b":{}}
,"C:\\SENAC\\AgriUrbanApp\\mobile\\src\\screens\\Herbario\\styles.js": {"path":"C:\\SENAC\\AgriUrbanApp\\mobile\\src\\screens\\Herbario\\styles.js","statementMap":{"0":{"start":{"line":4,"column":22},"end":{"line":78,"column":2}}},"fnMap":{},"branchMap":{},"s":{"0":0},"f":{},"b":{}}
,"C:\\SENAC\\AgriUrbanApp\\mobile\\src\\screens\\HerbarioCategoriesScreen\\index.js": {"path":"C:\\SENAC\\AgriUrbanApp\\mobile\\src\\screens\\HerbarioCategoriesScreen\\index.js","statementMap":{"0":{"start":{"line":11,"column":19},"end":{"line":11,"column":29}},"1":{"start":{"line":12,"column":13},"end":{"line":12,"column":19}},"2":{"start":{"line":14,"column":0},"end":{"line":44,"column":2}},"3":{"start":{"line":37,"column":20},"end":{"line":39,"column":21}}},"fnMap":{"0":{"name":"HerbarioCategoriesScreen","decl":{"start":{"line":10,"column":16},"end":{"line":10,"column":40}},"loc":{"start":{"line":10,"column":43},"end":{"line":45,"column":1}},"line":10},"1":{"name":"(anonymous_1)","decl":{"start":{"line":36,"column":32},"end":{"line":36,"column":33}},"loc":{"start":{"line":36,"column":54},"end":{"line":40,"column":17}},"line":36}},"branchMap":{},"s":{"0":0,"1":0,"2":0,"3":0},"f":{"0":0,"1":0},"b":{}}
,"C:\\SENAC\\AgriUrbanApp\\mobile\\src\\screens\\HerbarioCategoriesScreen\\styles.js": {"path":"C:\\SENAC\\AgriUrbanApp\\mobile\\src\\screens\\HerbarioCategoriesScreen\\styles.js","statementMap":{"0":{"start":{"line":4,"column":22},"end":{"line":31,"column":2}}},"fnMap":{},"branchMap":{},"s":{"0":0},"f":{},"b":{}}
,"C:\\SENAC\\AgriUrbanApp\\mobile\\src\\screens\\HerbarioPlantsScreen\\index.js": {"path":"C:\\SENAC\\AgriUrbanApp\\mobile\\src\\screens\\HerbarioPlantsScreen\\index.js","statementMap":{"0":{"start":{"line":9,"column":21},"end":{"line":9,"column":31}},"1":{"start":{"line":10,"column":15},"end":{"line":10,"column":21}},"2":{"start":{"line":12,"column":2},"end":{"line":47,"column":4}}},"fnMap":{"0":{"name":"HerbarioPlantsScreen","decl":{"start":{"line":8,"column":16},"end":{"line":8,"column":36}},"loc":{"start":{"line":8,"column":39},"end":{"line":48,"column":1}},"line":8}},"branchMap":{},"s":{"0":0,"1":0,"2":0},"f":{"0":0},"b":{}}
,"C:\\SENAC\\AgriUrbanApp\\mobile\\src\\screens\\HerbarioPlantsScreen\\styles.js": {"path":"C:\\SENAC\\AgriUrbanApp\\mobile\\src\\screens\\HerbarioPlantsScreen\\styles.js","statementMap":{"0":{"start":{"line":4,"column":22},"end":{"line":47,"column":2}}},"fnMap":{},"branchMap":{},"s":{"0":0},"f":{},"b":{}}
,"C:\\SENAC\\AgriUrbanApp\\mobile\\src\\screens\\Home\\index.js": {"path":"C:\\SENAC\\AgriUrbanApp\\mobile\\src\\screens\\Home\\index.js","statementMap":{"0":{"start":{"line":22,"column":28},"end":{"line":22,"column":40}},"1":{"start":{"line":23,"column":32},"end":{"line":23,"column":46}},"2":{"start":{"line":25,"column":2},"end":{"line":27,"column":5}},"3":{"start":{"line":29,"column":2},"end":{"line":50,"column":8}},"4":{"start":{"line":32,"column":4},"end":{"line":47,"column":5}},"5":{"start":{"line":33,"column":6},"end":{"line":33,"column":22}},"6":{"start":{"line":35,"column":21},"end":{"line":35,"column":44}},"7":{"start":{"line":36,"column":6},"end":{"line":41,"column":7}},"8":{"start":{"line":37,"column":6},"end":{"line":40,"column":10}},"9":{"start":{"line":37,"column":41},"end":{"line":40,"column":7}},"10":{"start":{"line":44,"column":6},"end":{"line":44,"column":27}},"11":{"start":{"line":46,"column":6},"end":{"line":46,"column":23}},"12":{"start":{"line":49,"column":2},"end":{"line":49,"column":13}},"13":{"start":{"line":53,"column":2},"end":{"line":104,"column":4}},"14":{"start":{"line":83,"column":39},"end":{"line":83,"column":67}},"15":{"start":{"line":96,"column":42},"end":{"line":96,"column":78}}},"fnMap":{"0":{"name":"Home","decl":{"start":{"line":21,"column":16},"end":{"line":21,"column":20}},"loc":{"start":{"line":21,"column":23},"end":{"line":105,"column":1}},"line":21},"1":{"name":"(anonymous_1)","decl":{"start":{"line":29,"column":12},"end":{"line":29,"column":13}},"loc":{"start":{"line":29,"column":18},"end":{"line":50,"column":3}},"line":29},"2":{"name":"getLojas","decl":{"start":{"line":31,"column":17},"end":{"line":31,"column":25}},"loc":{"start":{"line":31,"column":28},"end":{"line":48,"column":3}},"line":31},"3":{"name":"(anonymous_3)","decl":{"start":{"line":36,"column":25},"end":{"line":36,"column":26}},"loc":{"start":{"line":37,"column":6},"end":{"line":40,"column":10}},"line":37},"4":{"name":"(anonymous_4)","decl":{"start":{"line":37,"column":30},"end":{"line":37,"column":31}},"loc":{"start":{"line":37,"column":41},"end":{"line":40,"column":7}},"line":37},"5":{"name":"(anonymous_5)","decl":{"start":{"line":83,"column":28},"end":{"line":83,"column":29}},"loc":{"start":{"line":83,"column":39},"end":{"line":83,"column":67}},"line":83},"6":{"name":"(anonymous_6)","decl":{"start":{"line":96,"column":25},"end":{"line":96,"column":26}},"loc":{"start":{"line":96,"column":42},"end":{"line":96,"column":78}},"line":96}},"branchMap":{},"s":{"0":0,"1":0,"2":0,"3":0,"4":0,"5":0,"6":0,"7":0,"8":0,"9":0,"10":0,"11":0,"12":0,"13":0,"14":0,"15":0},"f":{"0":0,"1":0,"2":0,"3":0,"4":0,"5":0,"6":0},"b":{}}
,"C:\\SENAC\\AgriUrbanApp\\mobile\\src\\screens\\Home\\styles.js": {"path":"C:\\SENAC\\AgriUrbanApp\\mobile\\src\\screens\\Home\\styles.js","statementMap":{"0":{"start":{"line":4,"column":22},"end":{"line":76,"column":2}}},"fnMap":{},"branchMap":{},"s":{"0":0},"f":{},"b":{}}
,"C:\\SENAC\\AgriUrbanApp\\mobile\\src\\screens\\LoginScreen\\index.js": {"path":"C:\\SENAC\\AgriUrbanApp\\mobile\\src\\screens\\LoginScreen\\index.js","statementMap":{"0":{"start":{"line":16,"column":42},"end":{"line":16,"column":54}},"1":{"start":{"line":17,"column":28},"end":{"line":17,"column":40}},"2":{"start":{"line":18,"column":34},"end":{"line":18,"column":46}},"3":{"start":{"line":20,"column":22},"end":{"line":33,"column":3}},"4":{"start":{"line":21,"column":4},"end":{"line":32,"column":5}},"5":{"start":{"line":22,"column":6},"end":{"line":29,"column":9}},"6":{"start":{"line":25,"column":8},"end":{"line":25,"column":65}},"7":{"start":{"line":28,"column":7},"end":{"line":28,"column":38}},"8":{"start":{"line":31,"column":6},"end":{"line":31,"column":59}},"9":{"start":{"line":35,"column":2},"end":{"line":109,"column":5}},"10":{"start":{"line":59,"column":34},"end":{"line":59,"column":48}},"11":{"start":{"line":71,"column":34},"end":{"line":71,"column":51}},"12":{"start":{"line":101,"column":41},"end":{"line":101,"column":72}}},"fnMap":{"0":{"name":"LoginScreen","decl":{"start":{"line":14,"column":16},"end":{"line":14,"column":27}},"loc":{"start":{"line":14,"column":43},"end":{"line":110,"column":1}},"line":14},"1":{"name":"(anonymous_1)","decl":{"start":{"line":20,"column":22},"end":{"line":20,"column":23}},"loc":{"start":{"line":20,"column":28},"end":{"line":33,"column":3}},"line":20},"2":{"name":"(anonymous_2)","decl":{"start":{"line":23,"column":12},"end":{"line":23,"column":13}},"loc":{"start":{"line":23,"column":32},"end":{"line":26,"column":7}},"line":23},"3":{"name":"(anonymous_3)","decl":{"start":{"line":27,"column":13},"end":{"line":27,"column":14}},"loc":{"start":{"line":27,"column":24},"end":{"line":29,"column":7}},"line":27},"4":{"name":"(anonymous_4)","decl":{"start":{"line":59,"column":26},"end":{"line":59,"column":27}},"loc":{"start":{"line":59,"column":34},"end":{"line":59,"column":48}},"line":59},"5":{"name":"(anonymous_5)","decl":{"start":{"line":71,"column":26},"end":{"line":71,"column":27}},"loc":{"start":{"line":71,"column":34},"end":{"line":71,"column":51}},"line":71},"6":{"name":"(anonymous_6)","decl":{"start":{"line":75,"column":37},"end":{"line":75,"column":38}},"loc":{"start":{"line":75,"column":43},"end":{"line":75,"column":45}},"line":75},"7":{"name":"(anonymous_7)","decl":{"start":{"line":89,"column":37},"end":{"line":89,"column":38}},"loc":{"start":{"line":89,"column":43},"end":{"line":89,"column":45}},"line":89},"8":{"name":"(anonymous_8)","decl":{"start":{"line":92,"column":37},"end":{"line":92,"column":38}},"loc":{"start":{"line":92,"column":43},"end":{"line":92,"column":45}},"line":92},"9":{"name":"(anonymous_9)","decl":{"start":{"line":95,"column":37},"end":{"line":95,"column":38}},"loc":{"start":{"line":95,"column":43},"end":{"line":95,"column":45}},"line":95},"10":{"name":"(anonymous_10)","decl":{"start":{"line":101,"column":35},"end":{"line":101,"column":36}},"loc":{"start":{"line":101,"column":41},"end":{"line":101,"column":72}},"line":101}},"branchMap":{"0":{"loc":{"start":{"line":21,"column":4},"end":{"line":32,"column":5}},"type":"if","locations":[{"start":{"line":21,"column":4},"end":{"line":32,"column":5}},{"start":{"line":30,"column":11},"end":{"line":32,"column":5}}],"line":21},"1":{"loc":{"start":{"line":21,"column":8},"end":{"line":21,"column":39}},"type":"binary-expr","locations":[{"start":{"line":21,"column":8},"end":{"line":21,"column":20}},{"start":{"line":21,"column":24},"end":{"line":21,"column":39}}],"line":21}},"s":{"0":0,"1":0,"2":0,"3":0,"4":0,"5":0,"6":0,"7":0,"8":0,"9":0,"10":0,"11":0,"12":0},"f":{"0":0,"1":0,"2":0,"3":0,"4":0,"5":0,"6":0,"7":0,"8":0,"9":0,"10":0},"b":{"0":[0,0],"1":[0,0]}}
,"C:\\SENAC\\AgriUrbanApp\\mobile\\src\\screens\\LoginScreen\\styles.js": {"path":"C:\\SENAC\\AgriUrbanApp\\mobile\\src\\screens\\LoginScreen\\styles.js","statementMap":{"0":{"start":{"line":4,"column":22},"end":{"line":82,"column":2}}},"fnMap":{},"branchMap":{},"s":{"0":0},"f":{},"b":{}}
,"C:\\SENAC\\AgriUrbanApp\\mobile\\src\\screens\\Perfil\\index.js": {"path":"C:\\SENAC\\AgriUrbanApp\\mobile\\src\\screens\\Perfil\\index.js","statementMap":{"0":{"start":{"line":6,"column":2},"end":{"line":10,"column":4}}},"fnMap":{"0":{"name":"Perfil","decl":{"start":{"line":5,"column":16},"end":{"line":5,"column":22}},"loc":{"start":{"line":5,"column":25},"end":{"line":11,"column":1}},"line":5}},"branchMap":{},"s":{"0":0},"f":{"0":0},"b":{}}
,"C:\\SENAC\\AgriUrbanApp\\mobile\\src\\screens\\Perfil\\styles.js": {"path":"C:\\SENAC\\AgriUrbanApp\\mobile\\src\\screens\\Perfil\\styles.js","statementMap":{"0":{"start":{"line":3,"column":22},"end":{"line":5,"column":2}}},"fnMap":{},"branchMap":{},"s":{"0":0},"f":{},"b":{}}
,"C:\\SENAC\\AgriUrbanApp\\mobile\\src\\screens\\ProductScreen\\index.js": {"path":"C:\\SENAC\\AgriUrbanApp\\mobile\\src\\screens\\ProductScreen\\index.js","statementMap":{"0":{"start":{"line":14,"column":18},"end":{"line":14,"column":28}},"1":{"start":{"line":16,"column":2},"end":{"line":62,"column":4}}},"fnMap":{"0":{"name":"ProductScreen","decl":{"start":{"line":13,"column":16},"end":{"line":13,"column":29}},"loc":{"start":{"line":13,"column":32},"end":{"line":63,"column":1}},"line":13}},"branchMap":{},"s":{"0":0,"1":0},"f":{"0":0},"b":{}}
,"C:\\SENAC\\AgriUrbanApp\\mobile\\src\\screens\\ProductScreen\\styles.js": {"path":"C:\\SENAC\\AgriUrbanApp\\mobile\\src\\screens\\ProductScreen\\styles.js","statementMap":{"0":{"start":{"line":4,"column":22},"end":{"line":78,"column":2}}},"fnMap":{},"branchMap":{},"s":{"0":0},"f":{},"b":{}}
,"C:\\SENAC\\AgriUrbanApp\\mobile\\src\\screens\\RegisterScreen\\index.js": {"path":"C:\\SENAC\\AgriUrbanApp\\mobile\\src\\screens\\RegisterScreen\\index.js","statementMap":{"0":{"start":{"line":15,"column":28},"end":{"line":15,"column":40}},"1":{"start":{"line":16,"column":34},"end":{"line":16,"column":46}},"2":{"start":{"line":17,"column":48},"end":{"line":17,"column":60}},"3":{"start":{"line":18,"column":52},"end":{"line":18,"column":64}},"4":{"start":{"line":20,"column":25},"end":{"line":27,"column":3}},"5":{"start":{"line":21,"column":4},"end":{"line":25,"column":5}},"6":{"start":{"line":22,"column":6},"end":{"line":22,"column":51}},"7":{"start":{"line":24,"column":6},"end":{"line":24,"column":30}},"8":{"start":{"line":26,"column":4},"end":{"line":26,"column":20}},"9":{"start":{"line":29,"column":23},"end":{"line":40,"column":3}},"10":{"start":{"line":30,"column":4},"end":{"line":39,"column":5}},"11":{"start":{"line":31,"column":6},"end":{"line":38,"column":9}},"12":{"start":{"line":34,"column":8},"end":{"line":34,"column":64}},"13":{"start":{"line":37,"column":8},"end":{"line":37,"column":44}},"14":{"start":{"line":42,"column":2},"end":{"line":122,"column":4}},"15":{"start":{"line":64,"column":38},"end":{"line":64,"column":52}},"16":{"start":{"line":76,"column":41},"end":{"line":76,"column":92}},"17":{"start":{"line":88,"column":41},"end":{"line":88,"column":92}},"18":{"start":{"line":115,"column":45},"end":{"line":115,"column":73}}},"fnMap":{"0":{"name":"RegisterScreen","decl":{"start":{"line":14,"column":16},"end":{"line":14,"column":30}},"loc":{"start":{"line":14,"column":47},"end":{"line":123,"column":1}},"line":14},"1":{"name":"(anonymous_1)","decl":{"start":{"line":20,"column":25},"end":{"line":20,"column":26}},"loc":{"start":{"line":20,"column":61},"end":{"line":27,"column":3}},"line":20},"2":{"name":"(anonymous_2)","decl":{"start":{"line":29,"column":23},"end":{"line":29,"column":24}},"loc":{"start":{"line":29,"column":29},"end":{"line":40,"column":3}},"line":29},"3":{"name":"(anonymous_3)","decl":{"start":{"line":32,"column":12},"end":{"line":32,"column":13}},"loc":{"start":{"line":32,"column":32},"end":{"line":35,"column":7}},"line":32},"4":{"name":"(anonymous_4)","decl":{"start":{"line":36,"column":13},"end":{"line":36,"column":14}},"loc":{"start":{"line":36,"column":24},"end":{"line":38,"column":7}},"line":36},"5":{"name":"(anonymous_5)","decl":{"start":{"line":64,"column":30},"end":{"line":64,"column":31}},"loc":{"start":{"line":64,"column":38},"end":{"line":64,"column":52}},"line":64},"6":{"name":"(anonymous_6)","decl":{"start":{"line":76,"column":30},"end":{"line":76,"column":31}},"loc":{"start":{"line":76,"column":41},"end":{"line":76,"column":92}},"line":76},"7":{"name":"(anonymous_7)","decl":{"start":{"line":88,"column":30},"end":{"line":88,"column":31}},"loc":{"start":{"line":88,"column":41},"end":{"line":88,"column":92}},"line":88},"8":{"name":"(anonymous_8)","decl":{"start":{"line":103,"column":41},"end":{"line":103,"column":42}},"loc":{"start":{"line":103,"column":47},"end":{"line":103,"column":49}},"line":103},"9":{"name":"(anonymous_9)","decl":{"start":{"line":106,"column":41},"end":{"line":106,"column":42}},"loc":{"start":{"line":106,"column":47},"end":{"line":106,"column":49}},"line":106},"10":{"name":"(anonymous_10)","decl":{"start":{"line":109,"column":41},"end":{"line":109,"column":42}},"loc":{"start":{"line":109,"column":47},"end":{"line":109,"column":49}},"line":109},"11":{"name":"(anonymous_11)","decl":{"start":{"line":115,"column":39},"end":{"line":115,"column":40}},"loc":{"start":{"line":115,"column":45},"end":{"line":115,"column":73}},"line":115}},"branchMap":{"0":{"loc":{"start":{"line":21,"column":4},"end":{"line":25,"column":5}},"type":"if","locations":[{"start":{"line":21,"column":4},"end":{"line":25,"column":5}},{"start":{"line":23,"column":10},"end":{"line":25,"column":5}}],"line":21},"1":{"loc":{"start":{"line":30,"column":4},"end":{"line":39,"column":5}},"type":"if","locations":[{"start":{"line":30,"column":4},"end":{"line":39,"column":5}},{"start":{},"end":{}}],"line":30}},"s":{"0":0,"1":0,"2":0,"3":0,"4":0,"5":0,"6":0,"7":0,"8":0,"9":0,"10":0,"11":0,"12":0,"13":0,"14":0,"15":0,"16":0,"17":0,"18":0},"f":{"0":0,"1":0,"2":0,"3":0,"4":0,"5":0,"6":0,"7":0,"8":0,"9":0,"10":0,"11":0},"b":{"0":[0,0],"1":[0,0]}}
,"C:\\SENAC\\AgriUrbanApp\\mobile\\src\\screens\\RegisterScreen\\styles.js": {"path":"C:\\SENAC\\AgriUrbanApp\\mobile\\src\\screens\\RegisterScreen\\styles.js","statementMap":{"0":{"start":{"line":4,"column":22},"end":{"line":83,"column":2}}},"fnMap":{},"branchMap":{},"s":{"0":0},"f":{},"b":{}}
,"C:\\SENAC\\AgriUrbanApp\\mobile\\src\\screens\\StoreScreen\\index.js": {"path":"C:\\SENAC\\AgriUrbanApp\\mobile\\src\\screens\\StoreScreen\\index.js","statementMap":{"0":{"start":{"line":15,"column":21},"end":{"line":15,"column":31}},"1":{"start":{"line":16,"column":15},"end":{"line":16,"column":21}},"2":{"start":{"line":18,"column":2},"end":{"line":64,"column":4}},"3":{"start":{"line":53,"column":20},"end":{"line":55,"column":21}}},"fnMap":{"0":{"name":"StoreScreen","decl":{"start":{"line":14,"column":16},"end":{"line":14,"column":27}},"loc":{"start":{"line":14,"column":30},"end":{"line":65,"column":1}},"line":14},"1":{"name":"(anonymous_1)","decl":{"start":{"line":52,"column":38},"end":{"line":52,"column":39}},"loc":{"start":{"line":52,"column":58},"end":{"line":56,"column":17}},"line":52}},"branchMap":{},"s":{"0":0,"1":0,"2":0,"3":0},"f":{"0":0,"1":0},"b":{}}
,"C:\\SENAC\\AgriUrbanApp\\mobile\\src\\screens\\StoreScreen\\styles.js": {"path":"C:\\SENAC\\AgriUrbanApp\\mobile\\src\\screens\\StoreScreen\\styles.js","statementMap":{"0":{"start":{"line":4,"column":22},"end":{"line":57,"column":2}}},"fnMap":{},"branchMap":{},"s":{"0":0},"f":{},"b":{}}
,"C:\\SENAC\\AgriUrbanApp\\mobile\\src\\theme\\index.js": {"path":"C:\\SENAC\\AgriUrbanApp\\mobile\\src\\theme\\index.js","statementMap":{"0":{"start":{"line":1,"column":21},"end":{"line":42,"column":1}}},"fnMap":{},"branchMap":{},"s":{"0":1},"f":{},"b":{},"_coverageSchema":"1a1c01bbd47fc00a2c39e90264f33305004495a9","hash":"849213d9bfce872e9b72eed75d7f242475870423"}
}
