TN:
SF:App.js
FN:7,App
FNF:1
FNH:0
FNDA:0,App
DA:9,0
LF:1
LH:0
BRF:0
BRH:0
end_of_record
TN:
SF:firebase.js
FNF:0
FNH:0
DA:5,0
DA:13,0
DA:14,0
DA:15,0
LF:4
LH:0
BRF:0
BRH:0
end_of_record
TN:
SF:src\components\CartIcon\index.js
FN:7,CartIcon
FNF:1
FNH:1
FNDA:2,CartIcon
DA:8,2
LF:1
LH:1
BRF:0
BRH:0
end_of_record
TN:
SF:src\components\CartIcon\styles.js
FNF:0
FNH:0
DA:4,1
LF:1
LH:1
BRF:0
BRH:0
end_of_record
TN:
SF:src\components\CategoriesHerbarioCard\index.js
FN:6,CategoriesHerbarioCard
FN:11,(anonymous_1)
FNF:2
FNH:0
FNDA:0,CategoriesHerbarioCard
FNDA:0,(anonymous_1)
DA:7,0
DA:9,0
DA:11,0
LF:3
LH:0
BRF:0
BRH:0
end_of_record
TN:
SF:src\components\CategoriesHerbarioCard\styles.js
FNF:0
FNH:0
DA:4,1
LF:1
LH:1
BRF:0
BRH:0
end_of_record
TN:
SF:src\components\DishesCard\index.js
FN:7,DishesCard
FNF:1
FNH:0
FNDA:0,DishesCard
DA:8,0
LF:1
LH:0
BRF:0
BRH:0
end_of_record
TN:
SF:src\components\DishesCard\styles.js
FNF:0
FNH:0
DA:4,0
LF:1
LH:0
BRF:0
BRH:0
end_of_record
TN:
SF:src\components\GoBackButtom\index.js
FN:10,GoBackButtom
FN:14,(anonymous_1)
FNF:2
FNH:0
FNDA:0,GoBackButtom
FNDA:0,(anonymous_1)
DA:11,0
DA:13,0
DA:14,0
LF:3
LH:0
BRF:0
BRH:0
end_of_record
TN:
SF:src\components\GoBackButtom\styles.js
FNF:0
FNH:0
DA:4,0
LF:1
LH:0
BRF:0
BRH:0
end_of_record
TN:
SF:src\components\Loading\index.js
FN:6,Loading
FNF:1
FNH:0
FNDA:0,Loading
DA:7,0
LF:1
LH:0
BRF:0
BRH:0
end_of_record
TN:
SF:src\components\Loading\styles.js
FNF:0
FNH:0
DA:3,0
LF:1
LH:0
BRF:0
BRH:0
end_of_record
TN:
SF:src\components\LojasCard\index.js
FN:8,LojasCard
FN:14,(anonymous_1)
FNF:2
FNH:0
FNDA:0,LojasCard
FNDA:0,(anonymous_1)
DA:9,0
DA:12,0
DA:14,0
LF:3
LH:0
BRF:0
BRH:0
end_of_record
TN:
SF:src\components\LojasCard\styles.js
FNF:0
FNH:0
DA:5,0
LF:1
LH:0
BRF:0
BRH:0
end_of_record
TN:
SF:src\components\NewsCard\index.js
FN:5,NewsCard
FN:8,(anonymous_1)
FNF:2
FNH:0
FNDA:0,NewsCard
FNDA:0,(anonymous_1)
DA:6,0
DA:8,0
LF:2
LH:0
BRF:0
BRH:0
end_of_record
TN:
SF:src\components\NewsCard\styles.js
FNF:0
FNH:0
DA:4,0
LF:1
LH:0
BRF:0
BRH:0
end_of_record
TN:
SF:src\components\PlantsCard\index.js
FN:8,PlantsCard
FN:14,(anonymous_1)
FNF:2
FNH:0
FNDA:0,PlantsCard
FNDA:0,(anonymous_1)
DA:9,0
DA:11,0
DA:14,0
LF:3
LH:0
BRF:0
BRH:0
end_of_record
TN:
SF:src\components\PlantsCard\styles.js
FNF:0
FNH:0
DA:4,0
LF:1
LH:0
BRF:0
BRH:0
end_of_record
TN:
SF:src\components\ProdutosCard\index.js
FN:8,ProdutosCard
FN:12,(anonymous_1)
FN:33,(anonymous_2)
FNF:3
FNH:0
FNDA:0,ProdutosCard
FNDA:0,(anonymous_1)
FNDA:0,(anonymous_2)
DA:9,0
DA:10,0
DA:12,0
DA:33,0
LF:4
LH:0
BRF:0
BRH:0
end_of_record
TN:
SF:src\components\ProdutosCard\styles.js
FNF:0
FNH:0
DA:5,0
LF:1
LH:0
BRF:0
BRH:0
end_of_record
TN:
SF:src\constants\index.js
FNF:0
FNH:0
DA:2,0
LF:1
LH:0
BRF:0
BRH:0
end_of_record
TN:
SF:src\routes\authNavigator.js
FN:14,AuthNavigator
FNF:1
FNH:0
FNDA:0,AuthNavigator
DA:12,0
DA:16,0
LF:2
LH:0
BRF:0
BRH:0
end_of_record
TN:
SF:src\routes\bottomTabNavigator.js
FN:11,BottomTabNavigator
FN:29,(anonymous_1)
FN:38,(anonymous_2)
FN:47,(anonymous_3)
FN:57,(anonymous_4)
FNF:5
FNH:0
FNDA:0,BottomTabNavigator
FNDA:0,(anonymous_1)
FNDA:0,(anonymous_2)
FNDA:0,(anonymous_3)
FNDA:0,(anonymous_4)
DA:9,0
DA:12,0
DA:30,0
DA:39,0
DA:48,0
DA:58,0
LF:6
LH:0
BRF:0
BRH:0
end_of_record
TN:
SF:src\screens\Busca\index.js
FN:15,Busca
FN:22,(anonymous_1)
FN:24,(anonymous_2)
FN:26,getLocation
FN:44,(anonymous_4)
FN:45,(anonymous_5)
FN:93,(anonymous_6)
FN:95,(anonymous_7)
FN:103,(anonymous_8)
FN:124,(anonymous_9)
FN:136,(anonymous_10)
FNF:11
FNH:0
FNDA:0,Busca
FNDA:0,(anonymous_1)
FNDA:0,(anonymous_2)
FNDA:0,getLocation
FNDA:0,(anonymous_4)
FNDA:0,(anonymous_5)
FNDA:0,(anonymous_6)
FNDA:0,(anonymous_7)
FNDA:0,(anonymous_8)
FNDA:0,(anonymous_9)
FNDA:0,(anonymous_10)
DA:16,0
DA:17,0
DA:18,0
DA:19,0
DA:20,0
DA:22,0
DA:24,0
DA:27,0
DA:28,0
DA:29,0
DA:31,0
DA:32,0
DA:34,0
DA:36,0
DA:43,0
DA:44,0
DA:45,0
DA:53,0
DA:55,0
DA:58,0
DA:61,0
DA:62,0
DA:66,0
DA:93,0
DA:96,0
DA:97,0
DA:98,0
DA:100,0
DA:104,0
DA:125,0
DA:136,0
LF:31
LH:0
BRDA:31,0,0,0
BRDA:31,0,1,0
BRDA:61,1,0,0
BRDA:61,1,1,0
BRDA:61,2,0,0
BRDA:61,2,1,0
BRDA:66,3,0,0
BRDA:66,3,1,0
BRDA:97,4,0,0
BRDA:97,4,1,0
BRDA:98,5,0,0
BRDA:98,5,1,0
BRDA:104,6,0,0
BRDA:104,6,1,0
BRDA:124,7,0,0
BRDA:124,7,1,0
BRF:16
BRH:0
end_of_record
TN:
SF:src\screens\Busca\styles.js
FNF:0
FNH:0
DA:4,0
LF:1
LH:0
BRF:0
BRH:0
end_of_record
TN:
SF:src\screens\Herbario\index.js
FN:20,Herbario
FN:25,(anonymous_1)
FN:27,getCategoriesHerbariumAndNews
FN:33,(anonymous_3)
FN:34,(anonymous_4)
FN:42,(anonymous_5)
FN:43,(anonymous_6)
FN:94,(anonymous_7)
FN:108,(anonymous_8)
FNF:9
FNH:0
FNDA:0,Herbario
FNDA:0,(anonymous_1)
FNDA:0,getCategoriesHerbariumAndNews
FNDA:0,(anonymous_3)
FNDA:0,(anonymous_4)
FNDA:0,(anonymous_5)
FNDA:0,(anonymous_6)
FNDA:0,(anonymous_7)
FNDA:0,(anonymous_8)
DA:21,0
DA:22,0
DA:23,0
DA:25,0
DA:28,0
DA:29,0
DA:31,0
DA:32,0
DA:33,0
DA:34,0
DA:40,0
DA:41,0
DA:42,0
DA:43,0
DA:50,0
DA:52,0
DA:55,0
DA:58,0
DA:94,0
DA:108,0
LF:20
LH:0
BRF:0
BRH:0
end_of_record
TN:
SF:src\screens\Herbario\styles.js
FNF:0
FNH:0
DA:4,0
LF:1
LH:0
BRF:0
BRH:0
end_of_record
TN:
SF:src\screens\HerbarioCategoriesScreen\index.js
FN:10,HerbarioCategoriesScreen
FN:36,(anonymous_1)
FNF:2
FNH:0
FNDA:0,HerbarioCategoriesScreen
FNDA:0,(anonymous_1)
DA:11,0
DA:12,0
DA:14,0
DA:37,0
LF:4
LH:0
BRF:0
BRH:0
end_of_record
TN:
SF:src\screens\HerbarioCategoriesScreen\styles.js
FNF:0
FNH:0
DA:4,0
LF:1
LH:0
BRF:0
BRH:0
end_of_record
TN:
SF:src\screens\HerbarioPlantsScreen\index.js
FN:8,HerbarioPlantsScreen
FNF:1
FNH:0
FNDA:0,HerbarioPlantsScreen
DA:9,0
DA:10,0
DA:12,0
LF:3
LH:0
BRF:0
BRH:0
end_of_record
TN:
SF:src\screens\HerbarioPlantsScreen\styles.js
FNF:0
FNH:0
DA:4,0
LF:1
LH:0
BRF:0
BRH:0
end_of_record
TN:
SF:src\screens\Home\index.js
FN:21,Home
FN:29,(anonymous_1)
FN:31,getLojas
FN:36,(anonymous_3)
FN:37,(anonymous_4)
FN:83,(anonymous_5)
FN:96,(anonymous_6)
FNF:7
FNH:0
FNDA:0,Home
FNDA:0,(anonymous_1)
FNDA:0,getLojas
FNDA:0,(anonymous_3)
FNDA:0,(anonymous_4)
FNDA:0,(anonymous_5)
FNDA:0,(anonymous_6)
DA:22,0
DA:23,0
DA:25,0
DA:29,0
DA:32,0
DA:33,0
DA:35,0
DA:36,0
DA:37,0
DA:44,0
DA:46,0
DA:49,0
DA:53,0
DA:83,0
DA:96,0
LF:15
LH:0
BRF:0
BRH:0
end_of_record
TN:
SF:src\screens\Home\styles.js
FNF:0
FNH:0
DA:4,0
LF:1
LH:0
BRF:0
BRH:0
end_of_record
TN:
SF:src\screens\LoginScreen\index.js
FN:14,LoginScreen
FN:20,(anonymous_1)
FN:23,(anonymous_2)
FN:27,(anonymous_3)
FN:59,(anonymous_4)
FN:71,(anonymous_5)
FN:75,(anonymous_6)
FN:89,(anonymous_7)
FN:92,(anonymous_8)
FN:95,(anonymous_9)
FN:101,(anonymous_10)
FNF:11
FNH:0
FNDA:0,LoginScreen
FNDA:0,(anonymous_1)
FNDA:0,(anonymous_2)
FNDA:0,(anonymous_3)
FNDA:0,(anonymous_4)
FNDA:0,(anonymous_5)
FNDA:0,(anonymous_6)
FNDA:0,(anonymous_7)
FNDA:0,(anonymous_8)
FNDA:0,(anonymous_9)
FNDA:0,(anonymous_10)
DA:16,0
DA:17,0
DA:18,0
DA:20,0
DA:21,0
DA:22,0
DA:25,0
DA:28,0
DA:31,0
DA:35,0
DA:59,0
DA:71,0
DA:101,0
LF:13
LH:0
BRDA:21,0,0,0
BRDA:21,0,1,0
BRDA:21,1,0,0
BRDA:21,1,1,0
BRF:4
BRH:0
end_of_record
TN:
SF:src\screens\LoginScreen\styles.js
FNF:0
FNH:0
DA:4,0
LF:1
LH:0
BRF:0
BRH:0
end_of_record
TN:
SF:src\screens\Perfil\index.js
FN:5,Perfil
FNF:1
FNH:0
FNDA:0,Perfil
DA:6,0
LF:1
LH:0
BRF:0
BRH:0
end_of_record
TN:
SF:src\screens\Perfil\styles.js
FNF:0
FNH:0
DA:3,0
LF:1
LH:0
BRF:0
BRH:0
end_of_record
TN:
SF:src\screens\ProductScreen\index.js
FN:13,ProductScreen
FNF:1
FNH:0
FNDA:0,ProductScreen
DA:14,0
DA:16,0
LF:2
LH:0
BRF:0
BRH:0
end_of_record
TN:
SF:src\screens\ProductScreen\styles.js
FNF:0
FNH:0
DA:4,0
LF:1
LH:0
BRF:0
BRH:0
end_of_record
TN:
SF:src\screens\RegisterScreen\index.js
FN:14,RegisterScreen
FN:20,(anonymous_1)
FN:29,(anonymous_2)
FN:32,(anonymous_3)
FN:36,(anonymous_4)
FN:64,(anonymous_5)
FN:76,(anonymous_6)
FN:88,(anonymous_7)
FN:103,(anonymous_8)
FN:106,(anonymous_9)
FN:109,(anonymous_10)
FN:115,(anonymous_11)
FNF:12
FNH:0
FNDA:0,RegisterScreen
FNDA:0,(anonymous_1)
FNDA:0,(anonymous_2)
FNDA:0,(anonymous_3)
FNDA:0,(anonymous_4)
FNDA:0,(anonymous_5)
FNDA:0,(anonymous_6)
FNDA:0,(anonymous_7)
FNDA:0,(anonymous_8)
FNDA:0,(anonymous_9)
FNDA:0,(anonymous_10)
FNDA:0,(anonymous_11)
DA:15,0
DA:16,0
DA:17,0
DA:18,0
DA:20,0
DA:21,0
DA:22,0
DA:24,0
DA:26,0
DA:29,0
DA:30,0
DA:31,0
DA:34,0
DA:37,0
DA:42,0
DA:64,0
DA:76,0
DA:88,0
DA:115,0
LF:19
LH:0
BRDA:21,0,0,0
BRDA:21,0,1,0
BRDA:30,1,0,0
BRDA:30,1,1,0
BRF:4
BRH:0
end_of_record
TN:
SF:src\screens\RegisterScreen\styles.js
FNF:0
FNH:0
DA:4,0
LF:1
LH:0
BRF:0
BRH:0
end_of_record
TN:
SF:src\screens\StoreScreen\index.js
FN:14,StoreScreen
FN:52,(anonymous_1)
FNF:2
FNH:0
FNDA:0,StoreScreen
FNDA:0,(anonymous_1)
DA:15,0
DA:16,0
DA:18,0
DA:53,0
LF:4
LH:0
BRF:0
BRH:0
end_of_record
TN:
SF:src\screens\StoreScreen\styles.js
FNF:0
FNH:0
DA:4,0
LF:1
LH:0
BRF:0
BRH:0
end_of_record
TN:
SF:src\theme\index.js
FNF:0
FNH:0
DA:1,1
LF:1
LH:1
BRF:0
BRH:0
end_of_record
